\BOOKMARK [0][]{section*.3}{List of Figures}{}
\BOOKMARK [0][]{chapter.1}{1 Introduction}{}
\BOOKMARK [1][]{section.1.1}{1.1 Introduction}{chapter.1}
\BOOKMARK [2][]{subsection.1.1.1}{1.1.1 Motivation}{section.1.1}
\BOOKMARK [2][]{subsection.1.1.2}{1.1.2 Contributions}{section.1.1}
\BOOKMARK [2][]{subsection.1.1.3}{1.1.3 Outline}{section.1.1}
\BOOKMARK [0][]{chapter.2}{2 State of the Art}{}
\BOOKMARK [1][]{section.2.1}{2.1 Topic}{chapter.2}
\BOOKMARK [1][]{section.2.2}{2.2 Summary}{chapter.2}
\BOOKMARK [0][]{chapter.3}{3 Problem Statement}{}
\BOOKMARK [1][]{section.3.1}{3.1 Research Question}{chapter.3}
\BOOKMARK [1][]{section.3.2}{3.2 Summary}{chapter.3}
\BOOKMARK [0][]{chapter.4}{4 Your Contribution}{}
\BOOKMARK [1][]{section.4.1}{4.1 Your Brilliant Ideas ...}{chapter.4}
\BOOKMARK [1][]{section.4.2}{4.2 Summary}{chapter.4}
\BOOKMARK [0][]{chapter.5}{5 Case Studies}{}
\BOOKMARK [1][]{section.5.1}{5.1 Case of Study...}{chapter.5}
\BOOKMARK [1][]{section.5.2}{5.2 Summary}{chapter.5}
\BOOKMARK [0][]{chapter.6}{6 Conclusions}{}
\BOOKMARK [0][]{chapter.7}{7 Related Work}{}
\BOOKMARK [0][]{chapter.8}{8 Future Research Directions}{}
\BOOKMARK [0][]{chapter.9}{9 Sisukokkuv\365te}{}
\BOOKMARK [0][]{section*.5}{Bibliography}{}
